# JRE version: Java(TM) SE Runtime Environment (8.0_172-b11) (build 1.8.0_172-b11)
# Java VM: Java HotSpot(TM) 64-Bit Server VM (25.172-b11 mixed mode bsd-amd64 compressed oops)
Heap:
 PSYoungGen      total 1114624K, used 259910K [0x000000069c580000, 0x0000000703a80000, 0x00000007c0000000)
  eden space 1024000K, 25% used [0x000000069c580000,0x00000006ac351b80,0x00000006dad80000)
  from space 90624K, 0% used [0x00000006dad80000,0x00000006dad80000,0x00000006e0600000)
  to   space 91648K, 0% used [0x00000006fe100000,0x00000006fe100000,0x0000000703a80000)
 ParOldGen       total 518144K, used 297132K [0x0000000455000000, 0x0000000474a00000, 0x000000069c580000)
  object space 518144K, 57% used [0x0000000455000000,0x000000046722b308,0x0000000474a00000)
 Metaspace       used 62626K, capacity 63795K, committed 64768K, reserved 1103872K
  class space    used 9548K, capacity 9875K, committed 10240K, reserved 1048576K
GC Heap History (10 events):
Event: 28256.557 GC heap before
{Heap before GC invocations=15 (full 3):
 PSYoungGen      total 570880K, used 495351K [0x000000069c580000, 0x00000006d1600000, 0x00000007c0000000)
  eden space 494080K, 92% used [0x000000069c580000,0x00000006b84d6e48,0x00000006ba800000)
  from space 76800K, 48% used [0x00000006ba800000,0x00000006bcc67000,0x00000006bf300000)
  to   space 75264K, 0% used [0x00000006ccc80000,0x00000006ccc80000,0x00000006d1600000)
 ParOldGen       total 321024K, used 173685K [0x0000000455000000, 0x0000000468980000, 0x000000069c580000)
  object space 321024K, 54% used [0x0000000455000000,0x000000045f99d670,0x0000000468980000)
 Metaspace       used 60369K, capacity 61791K, committed 61952K, reserved 1101824K
  class space    used 9410K, capacity 9889K, committed 9984K, reserved 1048576K
Event: 28256.587 GC heap after
Heap after GC invocations=15 (full 3):
 PSYoungGen      total 795136K, used 37212K [0x000000069c580000, 0x00000006d1a00000, 0x00000007c0000000)
  eden space 719872K, 0% used [0x000000069c580000,0x000000069c580000,0x00000006c8480000)
  from space 75264K, 49% used [0x00000006ccc80000,0x00000006cf0d7000,0x00000006d1600000)
  to   space 73728K, 0% used [0x00000006c8480000,0x00000006c8480000,0x00000006ccc80000)
 ParOldGen       total 321024K, used 173717K [0x0000000455000000, 0x0000000468980000, 0x000000069c580000)
  object space 321024K, 54% used [0x0000000455000000,0x000000045f9a5670,0x0000000468980000)
 Metaspace       used 60369K, capacity 61791K, committed 61952K, reserved 1101824K
  class space    used 9410K, capacity 9889K, committed 9984K, reserved 1048576K
}
Event: 30129.094 GC heap before
{Heap before GC invocations=16 (full 3):
 PSYoungGen      total 795136K, used 757015K [0x000000069c580000, 0x00000006d1a00000, 0x00000007c0000000)
  eden space 719872K, 99% used [0x000000069c580000,0x00000006c846ed98,0x00000006c8480000)
  from space 75264K, 49% used [0x00000006ccc80000,0x00000006cf0d7000,0x00000006d1600000)
  to   space 73728K, 0% used [0x00000006c8480000,0x00000006c8480000,0x00000006ccc80000)
 ParOldGen       total 321024K, used 173717K [0x0000000455000000, 0x0000000468980000, 0x000000069c580000)
  object space 321024K, 54% used [0x0000000455000000,0x000000045f9a5670,0x0000000468980000)
 Metaspace       used 62360K, capacity 63859K, committed 64000K, reserved 1103872K
  class space    used 9657K, capacity 10121K, committed 10240K, reserved 1048576K
Event: 30129.246 GC heap after
Heap after GC invocations=16 (full 3):
 PSYoungGen      total 793600K, used 64825K [0x000000069c580000, 0x00000006e5800000, 0x00000007c0000000)
  eden space 719872K, 0% used [0x000000069c580000,0x000000069c580000,0x00000006c8480000)
  from space 73728K, 87% used [0x00000006c8480000,0x00000006cc3ce540,0x00000006ccc80000)
  to   space 82432K, 0% used [0x00000006e0780000,0x00000006e0780000,0x00000006e5800000)
 ParOldGen       total 321024K, used 173725K [0x0000000455000000, 0x0000000468980000, 0x000000069c580000)
  object space 321024K, 54% used [0x0000000455000000,0x000000045f9a7670,0x0000000468980000)
 Metaspace       used 62360K, capacity 63859K, committed 64000K, reserved 1103872K
  class space    used 9657K, capacity 10121K, committed 10240K, reserved 1048576K
}
Event: 30130.538 GC heap before
{Heap before GC invocations=17 (full 3):
 PSYoungGen      total 793600K, used 773346K [0x000000069c580000, 0x00000006e5800000, 0x00000007c0000000)
  eden space 719872K, 98% used [0x000000069c580000,0x00000006c796a4b0,0x00000006c8480000)
  from space 73728K, 87% used [0x00000006c8480000,0x00000006cc3ce540,0x00000006ccc80000)
  to   space 82432K, 0% used [0x00000006e0780000,0x00000006e0780000,0x00000006e5800000)
 ParOldGen       total 321024K, used 173725K [0x0000000455000000, 0x0000000468980000, 0x000000069c580000)
  object space 321024K, 54% used [0x0000000455000000,0x000000045f9a7670,0x0000000468980000)
 Metaspace       used 63022K, capacity 64485K, committed 64768K, reserved 1103872K
  class space    used 9697K, capacity 10156K, committed 10240K, reserved 1048576K
Event: 30130.567 GC heap after
Heap after GC invocations=17 (full 3):
 PSYoungGen      total 1106432K, used 68723K [0x000000069c580000, 0x00000006e5e80000, 0x00000007c0000000)
  eden space 1024000K, 0% used [0x000000069c580000,0x000000069c580000,0x00000006dad80000)
  from space 82432K, 83% used [0x00000006e0780000,0x00000006e4a9cc58,0x00000006e5800000)
  to   space 90624K, 0% used [0x00000006dad80000,0x00000006dad80000,0x00000006e0600000)
 ParOldGen       total 321024K, used 230725K [0x0000000455000000, 0x0000000468980000, 0x000000069c580000)
  object space 321024K, 71% used [0x0000000455000000,0x0000000463151788,0x0000000468980000)
 Metaspace       used 63022K, capacity 64485K, committed 64768K, reserved 1103872K
  class space    used 9697K, capacity 10156K, committed 10240K, reserved 1048576K
}
Event: 30130.946 GC heap before
{Heap before GC invocations=18 (full 3):
 PSYoungGen      total 1106432K, used 1089642K [0x000000069c580000, 0x00000006e5e80000, 0x00000007c0000000)
  eden space 1024000K, 99% used [0x000000069c580000,0x00000006daa7df40,0x00000006dad80000)
  from space 82432K, 83% used [0x00000006e0780000,0x00000006e4a9cc58,0x00000006e5800000)
  to   space 90624K, 0% used [0x00000006dad80000,0x00000006dad80000,0x00000006e0600000)
 ParOldGen       total 321024K, used 230725K [0x0000000455000000, 0x0000000468980000, 0x000000069c580000)
  object space 321024K, 71% used [0x0000000455000000,0x0000000463151788,0x0000000468980000)
 Metaspace       used 63022K, capacity 64485K, committed 64768K, reserved 1103872K
  class space    used 9697K, capacity 10156K, committed 10240K, reserved 1048576K
Event: 30130.997 GC heap after
Heap after GC invocations=18 (full 3):
 PSYoungGen      total 1114624K, used 55358K [0x000000069c580000, 0x0000000703a80000, 0x00000007c0000000)
  eden space 1024000K, 0% used [0x000000069c580000,0x000000069c580000,0x00000006dad80000)
  from space 90624K, 61% used [0x00000006dad80000,0x00000006de38f9f8,0x00000006e0600000)
  to   space 91648K, 0% used [0x00000006fe100000,0x00000006fe100000,0x0000000703a80000)
 ParOldGen       total 321024K, used 282494K [0x0000000455000000, 0x0000000468980000, 0x000000069c580000)
  object space 321024K, 87% used [0x0000000455000000,0x00000004663df828,0x0000000468980000)
 Metaspace       used 63022K, capacity 64485K, committed 64768K, reserved 1103872K
  class space    used 9697K, capacity 10156K, committed 10240K, reserved 1048576K
}
Event: 30130.997 GC heap before
{Heap before GC invocations=19 (full 4):
 PSYoungGen      total 1114624K, used 55358K [0x000000069c580000, 0x0000000703a80000, 0x00000007c0000000)
  eden space 1024000K, 0% used [0x000000069c580000,0x000000069c580000,0x00000006dad80000)
  from space 90624K, 61% used [0x00000006dad80000,0x00000006de38f9f8,0x00000006e0600000)
  to   space 91648K, 0% used [0x00000006fe100000,0x00000006fe100000,0x0000000703a80000)
 ParOldGen       total 321024K, used 282494K [0x0000000455000000, 0x0000000468980000, 0x000000069c580000)
  object space 321024K, 87% used [0x0000000455000000,0x00000004663df828,0x0000000468980000)
 Metaspace       used 63022K, capacity 64485K, committed 64768K, reserved 1103872K
  class space    used 9697K, capacity 10156K, committed 10240K, reserved 1048576K
Event: 30131.317 GC heap after
Heap after GC invocations=19 (full 4):
 PSYoungGen      total 1114624K, used 0K [0x000000069c580000, 0x0000000703a80000, 0x00000007c0000000)
  eden space 1024000K, 0% used [0x000000069c580000,0x000000069c580000,0x00000006dad80000)
  from space 90624K, 0% used [0x00000006dad80000,0x00000006dad80000,0x00000006e0600000)
  to   space 91648K, 0% used [0x00000006fe100000,0x00000006fe100000,0x0000000703a80000)
 ParOldGen       total 518144K, used 297132K [0x0000000455000000, 0x0000000474a00000, 0x000000069c580000)
  object space 518144K, 57% used [0x0000000455000000,0x000000046722b308,0x0000000474a00000)
 Metaspace       used 62625K, capacity 63795K, committed 64768K, reserved 1103872K
  class space    used 9548K, capacity 9875K, committed 10240K, reserved 1048576K
}

